#
# There is insufficient memory for the Java Runtime Environment to continue.
# Native memory allocation (malloc) failed to allocate 1035536 bytes for Chunk::new
# Possible reasons:
#   The system is out of physical RAM or swap space
#   The process is running with CompressedOops enabled, and the Java Heap may be blocking the growth of the native heap
# Possible solutions:
#   Reduce memory load on the system
#   Increase physical memory or swap space
#   Check if swap backing store is full
#   Decrease Java heap size (-Xmx/-Xms)
#   Decrease number of Java threads
#   Decrease Java thread stack sizes (-Xss)
#   Set larger code cache with -XX:ReservedCodeCacheSize=
#   JVM is running with Zero Based Compressed Oops mode in which the Java heap is
#     placed in the first 32GB address space. The Java Heap base address is the
#     maximum limit for the native heap growth. Please use -XX:HeapBaseMinAddress
#     to set the Java Heap base and to place the Java Heap above 32GB virtual address.
# This output file may be truncated or incomplete.
#
#  Out of Memory Error (./src/hotspot/share/memory/arena.cpp:197), pid=3744, tid=5496
#
# JRE version: OpenJDK Runtime Environment (11.0.7+10) (build 11.0.7+10)
# Java VM: OpenJDK 64-Bit Server VM (11.0.7+10, mixed mode, tiered, compressed oops, g1 gc, windows-amd64)
# No core dump will be written. Minidumps are not enabled by default on client versions of Windows
#

---------------  S U M M A R Y ------------

Command Line: -Dmaven.multiModuleProjectDirectory=D:\Marina\NetologyJava\dz5\task2\bonus-service -Dmaven.home=C:\Users\snezhinka\AppData\Local\JetBrains\Toolbox\apps\IDEA-C\ch-0\201.6668.121\plugins\maven\lib\maven3 -Dclassworlds.conf=C:\Users\snezhinka\AppData\Local\JetBrains\Toolbox\apps\IDEA-C\ch-0\201.6668.121\plugins\maven\lib\maven3\bin\m2.conf -Dmaven.ext.class.path=C:\Users\snezhinka\AppData\Local\JetBrains\Toolbox\apps\IDEA-C\ch-0\201.6668.121\plugins\maven\lib\maven-event-listener.jar -javaagent:C:\Users\snezhinka\AppData\Local\JetBrains\Toolbox\apps\IDEA-C\ch-0\201.6668.121\lib\idea_rt.jar=59110:C:\Users\snezhinka\AppData\Local\JetBrains\Toolbox\apps\IDEA-C\ch-0\201.6668.121\bin -Dfile.encoding=UTF-8 org.codehaus.classworlds.Launcher -Didea.version2020.1 clean compile spotbugs:check

Host: AMD Ryzen 3 1200 Quad-Core Processor           , 4 cores, 15G,  Windows 10 , 64 bit Build 18362 (10.0.18362.900)
Time: Sat Jun 20 21:58:01 2020 RTZ 2 (ceia) elapsed time: 8 seconds (0d 0h 0m 8s)

---------------  T H R E A D  ---------------

Current thread (0x000001f36caec000):  JavaThread "C2 CompilerThread0" daemon [_thread_in_native, id=5496, stack(0x0000004e17e00000,0x0000004e17f00000)]


Current CompileTask:
C2:   8234 6013       4       org.apache.tools.ant.util.FileUtils::normalize (184 bytes)

Stack: [0x0000004e17e00000,0x0000004e17f00000]
Native frames: (J=compiled Java code, j=interpreted, Vv=VM code, C=native code)
V  [jvm.dll+0x5dec5a]
V  [jvm.dll+0x71671e]
V  [jvm.dll+0x717def]
V  [jvm.dll+0x7184b3]
V  [jvm.dll+0x2409b8]
V  [jvm.dll+0xb970c]
V  [jvm.dll+0xb9c9c]
V  [jvm.dll+0x2b0474]
V  [jvm.dll+0x4ff3c6]
V  [jvm.dll+0x2025cd]
V  [jvm.dll+0x1fc53a]
V  [jvm.dll+0x1f952f]
V  [jvm.dll+0x17e11c]
V  [jvm.dll+0x208a97]
V  [jvm.dll+0x206c7b]
V  [jvm.dll+0x6db519]
V  [jvm.dll+0x6d47b4]
V  [jvm.dll+0x5ddbe6]
C  [ucrtbase.dll+0x20e82]
C  [KERNEL32.DLL+0x17bd4]
C  [ntdll.dll+0x6ce51]


---------------  P R O C E S S  ---------------

Threads class SMR info:
_java_thread_list=0x000001f36e769540, length=15, elements={
0x000001f348eec000, 0x000001f36c1d0000, 0x000001f36ca8a800, 0x000001f36cae8800,
0x000001f36caeb000, 0x000001f36caec000, 0x000001f36caf2000, 0x000001f36cb46000,
0x000001f36cc4b000, 0x000001f36cfa4000, 0x000001f36cfa5000, 0x000001f36d35d000,
0x000001f3707a8000, 0x000001f371103000, 0x000001f37034e800
}

Java Threads: ( => current thread )
  0x000001f348eec000 JavaThread "main" [_thread_in_native, id=17476, stack(0x0000004e17300000,0x0000004e17400000)]
  0x000001f36c1d0000 JavaThread "Reference Handler" daemon [_thread_blocked, id=18096, stack(0x0000004e17a00000,0x0000004e17b00000)]
  0x000001f36ca8a800 JavaThread "Finalizer" daemon [_thread_blocked, id=21148, stack(0x0000004e17b00000,0x0000004e17c00000)]
  0x000001f36cae8800 JavaThread "Signal Dispatcher" daemon [_thread_blocked, id=18040, stack(0x0000004e17c00000,0x0000004e17d00000)]
  0x000001f36caeb000 JavaThread "Attach Listener" daemon [_thread_blocked, id=16684, stack(0x0000004e17d00000,0x0000004e17e00000)]
=>0x000001f36caec000 JavaThread "C2 CompilerThread0" daemon [_thread_in_native, id=5496, stack(0x0000004e17e00000,0x0000004e17f00000)]
  0x000001f36caf2000 JavaThread "C1 CompilerThread0" daemon [_thread_blocked, id=10120, stack(0x0000004e17f00000,0x0000004e18000000)]
  0x000001f36cb46000 JavaThread "Sweeper thread" daemon [_thread_blocked, id=21524, stack(0x0000004e18000000,0x0000004e18100000)]
  0x000001f36cc4b000 JavaThread "Common-Cleaner" daemon [_thread_blocked, id=14840, stack(0x0000004e18100000,0x0000004e18200000)]
  0x000001f36cfa4000 JavaThread "Monitor Ctrl-Break" daemon [_thread_in_native, id=7108, stack(0x0000004e18200000,0x0000004e18300000)]
  0x000001f36cfa5000 JavaThread "Service Thread" daemon [_thread_blocked, id=14796, stack(0x0000004e18300000,0x0000004e18400000)]
  0x000001f36d35d000 JavaThread "C2 CompilerThread1" daemon [_thread_blocked, id=4252, stack(0x0000004e18500000,0x0000004e18600000)]
  0x000001f3707a8000 JavaThread "Thread-2" daemon [_thread_blocked, id=7288, stack(0x0000004e18a00000,0x0000004e18b00000)]
  0x000001f371103000 JavaThread "Thread-3" daemon [_thread_blocked, id=2692, stack(0x0000004e18b00000,0x0000004e18c00000)]
  0x000001f37034e800 JavaThread "WATCHDOG" daemon [_thread_blocked, id=9576, stack(0x0000004e18d00000,0x0000004e18e00000)]

Other Threads:
  0x000001f36c1f3800 VMThread "VM Thread" [stack: 0x0000004e17900000,0x0000004e17a00000] [id=10656]
  0x000001f36cfaa800 WatcherThread [stack: 0x0000004e18400000,0x0000004e18500000] [id=11280]
  0x000001f348f05800 GCTaskThread "GC Thread#0" [stack: 0x0000004e17400000,0x0000004e17500000] [id=20376]
  0x000001f36df06000 GCTaskThread "GC Thread#1" [stack: 0x0000004e18600000,0x0000004e18700000] [id=12244]
  0x000001f36d534800 GCTaskThread "GC Thread#2" [stack: 0x0000004e18700000,0x0000004e18800000] [id=8076]
  0x000001f36d5dd800 GCTaskThread "GC Thread#3" [stack: 0x0000004e18800000,0x0000004e18900000] [id=17828]
  0x000001f348f61800 ConcurrentGCThread "G1 Main Marker" [stack: 0x0000004e17500000,0x0000004e17600000] [id=10508]
  0x000001f348f63000 ConcurrentGCThread "G1 Conc#0" [stack: 0x0000004e17600000,0x0000004e17700000] [id=5764]
  0x000001f36c0b4000 ConcurrentGCThread "G1 Refine#0" [stack: 0x0000004e17700000,0x0000004e17800000] [id=19488]
  0x000001f36cf39000 ConcurrentGCThread "G1 Refine#1" [stack: 0x0000004e18900000,0x0000004e18a00000] [id=1772]
  0x000001f36c0b6000 ConcurrentGCThread "G1 Young RemSet Sampling" [stack: 0x0000004e17800000,0x0000004e17900000] [id=2564]

Threads with active compile tasks:
C2 CompilerThread0   8254 6013       4       org.apache.tools.ant.util.FileUtils::normalize (184 bytes)

VM state:not at safepoint (normal execution)

VM Mutex/Monitor currently owned by a thread: None

Heap address: 0x0000000701000000, size: 4080 MB, Compressed Oops mode: Zero based, Oop shift amount: 3
Narrow klass base: 0x0000000800000000, Narrow klass shift: 0
Compressed class space size: 1073741824 Address: 0x0000000800000000

Heap:
 garbage-first heap   total 315392K, used 93005K [0x0000000701000000, 0x0000000800000000)
  region size 1024K, 81 young (82944K), 12 survivors (12288K)
 Metaspace       used 42710K, capacity 43813K, committed 44060K, reserved 1089536K
  class space    used 4592K, capacity 5015K, committed 5068K, reserved 1048576K
Heap Regions: E=young(eden), S=young(survivor), O=old, HS=humongous(starts), HC=humongous(continues), CS=collection set, F=free, A=archive, TAMS=top-at-mark-start (previous, next)
|   0|0x0000000701000000, 0x0000000701100000, 0x0000000701100000|100%| O|  |TAMS 0x0000000701100000, 0x0000000701000000| Untracked 
|   1|0x0000000701100000, 0x0000000701200000, 0x0000000701200000|100%| O|  |TAMS 0x0000000701200000, 0x0000000701100000| Untracked 
|   2|0x0000000701200000, 0x0000000701300000, 0x0000000701300000|100%| O|  |TAMS 0x0000000701300000, 0x0000000701200000| Untracked 
|   3|0x0000000701300000, 0x0000000701400000, 0x0000000701400000|100%| O|  |TAMS 0x0000000701400000, 0x0000000701300000| Untracked 
|   4|0x0000000701400000, 0x0000000701500000, 0x0000000701500000|100%| O|  |TAMS 0x0000000701500000, 0x0000000701400000| Untracked 
|   5|0x0000000701500000, 0x0000000701600000, 0x0000000701600000|100%| O|  |TAMS 0x0000000701600000, 0x0000000701500000| Untracked 
|   6|0x0000000701600000, 0x0000000701700000, 0x0000000701700000|100%| O|  |TAMS 0x0000000701700000, 0x0000000701600000| Untracked 
|   7|0x0000000701700000, 0x0000000701800000, 0x0000000701800000|100%| O|  |TAMS 0x0000000701800000, 0x0000000701700000| Untracked 
|   8|0x0000000701800000, 0x0000000701853400, 0x0000000701900000| 32%| O|  |TAMS 0x0000000701853400, 0x0000000701800000| Untracked 
|   9|0x0000000701900000, 0x0000000701a00000, 0x0000000701a00000|100%|HS|  |TAMS 0x0000000701900000, 0x0000000701900000| Complete 
|  10|0x0000000701a00000, 0x0000000701b00000, 0x0000000701b00000|100%|HS|  |TAMS 0x0000000701a00000, 0x0000000701a00000| Complete 
|  11|0x0000000701b00000, 0x0000000701c00000, 0x0000000701c00000|100%|HC|  |TAMS 0x0000000701b00000, 0x0000000701b00000| Complete 
|  12|0x0000000701c00000, 0x0000000701c00000, 0x0000000701d00000|  0%| F|  |TAMS 0x0000000701c00000, 0x0000000701c00000| Untracked 
|  13|0x0000000701d00000, 0x0000000701d00000, 0x0000000701e00000|  0%| F|  |TAMS 0x0000000701d00000, 0x0000000701d00000| Untracked 
|  14|0x0000000701e00000, 0x0000000701e00000, 0x0000000701f00000|  0%| F|  |TAMS 0x0000000701e00000, 0x0000000701e00000| Untracked 
|  15|0x0000000701f00000, 0x0000000701f00000, 0x0000000702000000|  0%| F|  |TAMS 0x0000000701f00000, 0x0000000701f00000| Untracked 
|  16|0x0000000702000000, 0x0000000702000000, 0x0000000702100000|  0%| F|  |TAMS 0x0000000702000000, 0x0000000702000000| Untracked 
|  17|0x0000000702100000, 0x0000000702100000, 0x0000000702200000|  0%| F|  |TAMS 0x0000000702100000, 0x0000000702100000| Untracked 
|  18|0x0000000702200000, 0x0000000702200000, 0x0000000702300000|  0%| F|  |TAMS 0x0000000702200000, 0x0000000702200000| Untracked 
|  19|0x0000000702300000, 0x0000000702300000, 0x0000000702400000|  0%| F|  |TAMS 0x0000000702300000, 0x0000000702300000| Untracked 
|  20|0x0000000702400000, 0x0000000702400000, 0x0000000702500000|  0%| F|  |TAMS 0x0000000702400000, 0x0000000702400000| Untracked 
|  21|0x0000000702500000, 0x0000000702500000, 0x0000000702600000|  0%| F|  |TAMS 0x0000000702500000, 0x0000000702500000| Untracked 
|  22|0x0000000702600000, 0x0000000702600000, 0x0000000702700000|  0%| F|  |TAMS 0x0000000702600000, 0x0000000702600000| Untracked 
|  23|0x0000000702700000, 0x0000000702700000, 0x0000000702800000|  0%| F|  |TAMS 0x0000000702700000, 0x0000000702700000| Untracked 
|  24|0x0000000702800000, 0x0000000702800000, 0x0000000702900000|  0%| F|  |TAMS 0x0000000702800000, 0x0000000702800000| Untracked 
|  25|0x0000000702900000, 0x0000000702900000, 0x0000000702a00000|  0%| F|  |TAMS 0x0000000702900000, 0x0000000702900000| Untracked 
|  26|0x0000000702a00000, 0x0000000702a00000, 0x0000000702b00000|  0%| F|  |TAMS 0x0000000702a00000, 0x0000000702a00000| Untracked 
|  27|0x0000000702b00000, 0x0000000702b00000, 0x0000000702c00000|  0%| F|  |TAMS 0x0000000702b00000, 0x0000000702b00000| Untracked 
|  28|0x0000000702c00000, 0x0000000702c00000, 0x0000000702d00000|  0%| F|  |TAMS 0x0000000702c00000, 0x0000000702c00000| Untracked 
|  29|0x0000000702d00000, 0x0000000702d00000, 0x0000000702e00000|  0%| F|  |TAMS 0x0000000702d00000, 0x0000000702d00000| Untracked 
|  30|0x0000000702e00000, 0x0000000702e00000, 0x0000000702f00000|  0%| F|  |TAMS 0x0000000702e00000, 0x0000000702e00000| Untracked 
|  31|0x0000000702f00000, 0x0000000702f00000, 0x0000000703000000|  0%| F|  |TAMS 0x0000000702f00000, 0x0000000702f00000| Untracked 
|  32|0x0000000703000000, 0x0000000703000000, 0x0000000703100000|  0%| F|  |TAMS 0x0000000703000000, 0x0000000703000000| Untracked 
|  33|0x0000000703100000, 0x0000000703100000, 0x0000000703200000|  0%| F|  |TAMS 0x0000000703100000, 0x0000000703100000| Untracked 
|  34|0x0000000703200000, 0x0000000703200000, 0x0000000703300000|  0%| F|  |TAMS 0x0000000703200000, 0x0000000703200000| Untracked 
|  35|0x0000000703300000, 0x0000000703300000, 0x0000000703400000|  0%| F|  |TAMS 0x0000000703300000, 0x0000000703300000| Untracked 
|  36|0x0000000703400000, 0x0000000703400000, 0x0000000703500000|  0%| F|  |TAMS 0x0000000703400000, 0x0000000703400000| Untracked 
|  37|0x0000000703500000, 0x0000000703500000, 0x0000000703600000|  0%| F|  |TAMS 0x0000000703500000, 0x0000000703500000| Untracked 
|  38|0x0000000703600000, 0x0000000703600000, 0x0000000703700000|  0%| F|  |TAMS 0x0000000703600000, 0x0000000703600000| Untracked 
|  39|0x0000000703700000, 0x0000000703700000, 0x0000000703800000|  0%| F|  |TAMS 0x0000000703700000, 0x0000000703700000| Untracked 
|  40|0x0000000703800000, 0x0000000703800000, 0x0000000703900000|  0%| F|  |TAMS 0x0000000703800000, 0x0000000703800000| Untracked 
|  41|0x0000000703900000, 0x0000000703900000, 0x0000000703a00000|  0%| F|  |TAMS 0x0000000703900000, 0x0000000703900000| Untracked 
|  42|0x0000000703a00000, 0x0000000703a00000, 0x0000000703b00000|  0%| F|  |TAMS 0x0000000703a00000, 0x0000000703a00000| Untracked 
|  43|0x0000000703b00000, 0x0000000703b00000, 0x0000000703c00000|  0%| F|  |TAMS 0x0000000703b00000, 0x0000000703b00000| Untracked 
|  44|0x0000000703c00000, 0x0000000703c00000, 0x0000000703d00000|  0%| F|  |TAMS 0x0000000703c00000, 0x0000000703c00000| Untracked 
|  45|0x0000000703d00000, 0x0000000703d00000, 0x0000000703e00000|  0%| F|  |TAMS 0x0000000703d00000, 0x0000000703d00000| Untracked 
|  46|0x0000000703e00000, 0x0000000703e00000, 0x0000000703f00000|  0%| F|  |TAMS 0x0000000703e00000, 0x0000000703e00000| Untracked 
|  47|0x0000000703f00000, 0x0000000703f00000, 0x0000000704000000|  0%| F|  |TAMS 0x0000000703f00000, 0x0000000703f00000| Untracked 
|  48|0x0000000704000000, 0x0000000704000000, 0x0000000704100000|  0%| F|  |TAMS 0x0000000704000000, 0x0000000704000000| Untracked 
|  49|0x0000000704100000, 0x0000000704100000, 0x0000000704200000|  0%| F|  |TAMS 0x0000000704100000, 0x0000000704100000| Untracked 
|  50|0x0000000704200000, 0x0000000704200000, 0x0000000704300000|  0%| F|  |TAMS 0x0000000704200000, 0x0000000704200000| Untracked 
|  51|0x0000000704300000, 0x0000000704300000, 0x0000000704400000|  0%| F|  |TAMS 0x0000000704300000, 0x0000000704300000| Untracked 
|  52|0x0000000704400000, 0x0000000704400000, 0x0000000704500000|  0%| F|  |TAMS 0x0000000704400000, 0x0000000704400000| Untracked 
|  53|0x0000000704500000, 0x0000000704500000, 0x0000000704600000|  0%| F|  |TAMS 0x0000000704500000, 0x0000000704500000| Untracked 
|  54|0x0000000704600000, 0x0000000704600000, 0x0000000704700000|  0%| F|  |TAMS 0x0000000704600000, 0x0000000704600000| Untracked 
|  55|0x0000000704700000, 0x0000000704700000, 0x0000000704800000|  0%| F|  |TAMS 0x0000000704700000, 0x0000000704700000| Untracked 
|  56|0x0000000704800000, 0x0000000704800000, 0x0000000704900000|  0%| F|  |TAMS 0x0000000704800000, 0x0000000704800000| Untracked 
|  57|0x0000000704900000, 0x0000000704900000, 0x0000000704a00000|  0%| F|  |TAMS 0x0000000704900000, 0x0000000704900000| Untracked 
|  58|0x0000000704a00000, 0x0000000704a00000, 0x0000000704b00000|  0%| F|  |TAMS 0x0000000704a00000, 0x0000000704a00000| Untracked 
|  59|0x0000000704b00000, 0x0000000704b00000, 0x0000000704c00000|  0%| F|  |TAMS 0x0000000704b00000, 0x0000000704b00000| Untracked 
|  60|0x0000000704c00000, 0x0000000704c00000, 0x0000000704d00000|  0%| F|  |TAMS 0x0000000704c00000, 0x0000000704c00000| Untracked 
|  61|0x0000000704d00000, 0x0000000704d00000, 0x0000000704e00000|  0%| F|  |TAMS 0x0000000704d00000, 0x0000000704d00000| Untracked 
|  62|0x0000000704e00000, 0x0000000704e00000, 0x0000000704f00000|  0%| F|  |TAMS 0x0000000704e00000, 0x0000000704e00000| Untracked 
|  63|0x0000000704f00000, 0x0000000704f00000, 0x0000000705000000|  0%| F|  |TAMS 0x0000000704f00000, 0x0000000704f00000| Untracked 
|  64|0x0000000705000000, 0x0000000705000000, 0x0000000705100000|  0%| F|  |TAMS 0x0000000705000000, 0x0000000705000000| Untracked 
|  65|0x0000000705100000, 0x0000000705100000, 0x0000000705200000|  0%| F|  |TAMS 0x0000000705100000, 0x0000000705100000| Untracked 
|  66|0x0000000705200000, 0x0000000705200000, 0x0000000705300000|  0%| F|  |TAMS 0x0000000705200000, 0x0000000705200000| Untracked 
|  67|0x0000000705300000, 0x0000000705300000, 0x0000000705400000|  0%| F|  |TAMS 0x0000000705300000, 0x0000000705300000| Untracked 
|  68|0x0000000705400000, 0x0000000705400000, 0x0000000705500000|  0%| F|  |TAMS 0x0000000705400000, 0x0000000705400000| Untracked 
|  69|0x0000000705500000, 0x0000000705500000, 0x0000000705600000|  0%| F|  |TAMS 0x0000000705500000, 0x0000000705500000| Untracked 
|  70|0x0000000705600000, 0x0000000705600000, 0x0000000705700000|  0%| F|  |TAMS 0x0000000705600000, 0x0000000705600000| Untracked 
|  71|0x0000000705700000, 0x0000000705700000, 0x0000000705800000|  0%| F|  |TAMS 0x0000000705700000, 0x0000000705700000| Untracked 
|  72|0x0000000705800000, 0x0000000705800000, 0x0000000705900000|  0%| F|  |TAMS 0x0000000705800000, 0x0000000705800000| Untracked 
|  73|0x0000000705900000, 0x0000000705900000, 0x0000000705a00000|  0%| F|  |TAMS 0x0000000705900000, 0x0000000705900000| Untracked 
|  74|0x0000000705a00000, 0x0000000705a00000, 0x0000000705b00000|  0%| F|  |TAMS 0x0000000705a00000, 0x0000000705a00000| Untracked 
|  75|0x0000000705b00000, 0x0000000705b00000, 0x0000000705c00000|  0%| F|  |TAMS 0x0000000705b00000, 0x0000000705b00000| Untracked 
|  76|0x0000000705c00000, 0x0000000705c00000, 0x0000000705d00000|  0%| F|  |TAMS 0x0000000705c00000, 0x0000000705c00000| Untracked 
|  77|0x0000000705d00000, 0x0000000705d00000, 0x0000000705e00000|  0%| F|  |TAMS 0x0000000705d00000, 0x0000000705d00000| Untracked 
|  78|0x0000000705e00000, 0x0000000705e00000, 0x0000000705f00000|  0%| F|  |TAMS 0x0000000705e00000, 0x0000000705e00000| Untracked 
|  79|0x0000000705f00000, 0x0000000705f00000, 0x0000000706000000|  0%| F|  |TAMS 0x0000000705f00000, 0x0000000705f00000| Untracked 
|  80|0x0000000706000000, 0x0000000706000000, 0x0000000706100000|  0%| F|  |TAMS 0x0000000706000000, 0x0000000706000000| Untracked 
|  81|0x0000000706100000, 0x0000000706100000, 0x0000000706200000|  0%| F|  |TAMS 0x0000000706100000, 0x0000000706100000| Untracked 
|  82|0x0000000706200000, 0x0000000706200000, 0x0000000706300000|  0%| F|  |TAMS 0x0000000706200000, 0x0000000706200000| Untracked 
|  83|0x0000000706300000, 0x0000000706300000, 0x0000000706400000|  0%| F|  |TAMS 0x0000000706300000, 0x0000000706300000| Untracked 
|  84|0x0000000706400000, 0x0000000706400000, 0x0000000706500000|  0%| F|  |TAMS 0x0000000706400000, 0x0000000706400000| Untracked 
|  85|0x0000000706500000, 0x0000000706500000, 0x0000000706600000|  0%| F|  |TAMS 0x0000000706500000, 0x0000000706500000| Untracked 
|  86|0x0000000706600000, 0x0000000706600000, 0x0000000706700000|  0%| F|  |TAMS 0x0000000706600000, 0x0000000706600000| Untracked 
|  87|0x0000000706700000, 0x0000000706700000, 0x0000000706800000|  0%| F|  |TAMS 0x0000000706700000, 0x0000000706700000| Untracked 
|  88|0x0000000706800000, 0x0000000706800000, 0x0000000706900000|  0%| F|  |TAMS 0x0000000706800000, 0x0000000706800000| Untracked 
|  89|0x0000000706900000, 0x0000000706900000, 0x0000000706a00000|  0%| F|  |TAMS 0x0000000706900000, 0x0000000706900000| Untracked 
|  90|0x0000000706a00000, 0x0000000706a00000, 0x0000000706b00000|  0%| F|  |TAMS 0x0000000706a00000, 0x0000000706a00000| Untracked 
|  91|0x0000000706b00000, 0x0000000706b00000, 0x0000000706c00000|  0%| F|  |TAMS 0x0000000706b00000, 0x0000000706b00000| Untracked 
|  92|0x0000000706c00000, 0x0000000706c00000, 0x0000000706d00000|  0%| F|  |TAMS 0x0000000706c00000, 0x0000000706c00000| Untracked 
|  93|0x0000000706d00000, 0x0000000706d00000, 0x0000000706e00000|  0%| F|  |TAMS 0x0000000706d00000, 0x0000000706d00000| Untracked 
|  94|0x0000000706e00000, 0x0000000706e00000, 0x0000000706f00000|  0%| F|  |TAMS 0x0000000706e00000, 0x0000000706e00000| Untracked 
|  95|0x0000000706f00000, 0x0000000706f00000, 0x0000000707000000|  0%| F|  |TAMS 0x0000000706f00000, 0x0000000706f00000| Untracked 
|  96|0x0000000707000000, 0x0000000707000000, 0x0000000707100000|  0%| F|  |TAMS 0x0000000707000000, 0x0000000707000000| Untracked 
|  97|0x0000000707100000, 0x0000000707100000, 0x0000000707200000|  0%| F|  |TAMS 0x0000000707100000, 0x0000000707100000| Untracked 
|  98|0x0000000707200000, 0x0000000707200000, 0x0000000707300000|  0%| F|  |TAMS 0x0000000707200000, 0x0000000707200000| Untracked 
|  99|0x0000000707300000, 0x0000000707300000, 0x0000000707400000|  0%| F|  |TAMS 0x0000000707300000, 0x0000000707300000| Untracked 
| 100|0x0000000707400000, 0x0000000707400000, 0x0000000707500000|  0%| F|  |TAMS 0x0000000707400000, 0x0000000707400000| Untracked 
| 101|0x0000000707500000, 0x0000000707500000, 0x0000000707600000|  0%| F|  |TAMS 0x0000000707500000, 0x0000000707500000| Untracked 
| 102|0x0000000707600000, 0x0000000707600000, 0x0000000707700000|  0%| F|  |TAMS 0x0000000707600000, 0x0000000707600000| Untracked 
| 103|0x0000000707700000, 0x0000000707700000, 0x0000000707800000|  0%| F|  |TAMS 0x0000000707700000, 0x0000000707700000| Untracked 
| 104|0x0000000707800000, 0x0000000707800000, 0x0000000707900000|  0%| F|  |TAMS 0x0000000707800000, 0x0000000707800000| Untracked 
| 105|0x0000000707900000, 0x0000000707900000, 0x0000000707a00000|  0%| F|  |TAMS 0x0000000707900000, 0x0000000707900000| Untracked 
| 106|0x0000000707a00000, 0x0000000707a00000, 0x0000000707b00000|  0%| F|  |TAMS 0x0000000707a00000, 0x0000000707a00000| Untracked 
| 107|0x0000000707b00000, 0x0000000707b00000, 0x0000000707c00000|  0%| F|  |TAMS 0x0000000707b00000, 0x0000000707b00000| Untracked 
| 108|0x0000000707c00000, 0x0000000707c00000, 0x0000000707d00000|  0%| F|  |TAMS 0x0000000707c00000, 0x0000000707c00000| Untracked 
| 109|0x0000000707d00000, 0x0000000707d00000, 0x0000000707e00000|  0%| F|  |TAMS 0x0000000707d00000, 0x0000000707d00000| Untracked 
| 110|0x0000000707e00000, 0x0000000707e00000, 0x0000000707f00000|  0%| F|  |TAMS 0x0000000707e00000, 0x0000000707e00000| Untracked 
| 111|0x0000000707f00000, 0x0000000707f00000, 0x0000000708000000|  0%| F|  |TAMS 0x0000000707f00000, 0x0000000707f00000| Untracked 
| 112|0x0000000708000000, 0x0000000708000000, 0x0000000708100000|  0%| F|  |TAMS 0x0000000708000000, 0x0000000708000000| Untracked 
| 113|0x0000000708100000, 0x0000000708100000, 0x0000000708200000|  0%| F|  |TAMS 0x0000000708100000, 0x0000000708100000| Untracked 
| 114|0x0000000708200000, 0x0000000708200000, 0x0000000708300000|  0%| F|  |TAMS 0x0000000708200000, 0x0000000708200000| Untracked 
| 115|0x0000000708300000, 0x0000000708300000, 0x0000000708400000|  0%| F|  |TAMS 0x0000000708300000, 0x0000000708300000| Untracked 
| 116|0x0000000708400000, 0x0000000708400000, 0x0000000708500000|  0%| F|  |TAMS 0x0000000708400000, 0x0000000708400000| Untracked 
| 117|0x0000000708500000, 0x0000000708500000, 0x0000000708600000|  0%| F|  |TAMS 0x0000000708500000, 0x0000000708500000| Untracked 
| 118|0x0000000708600000, 0x0000000708600000, 0x0000000708700000|  0%| F|  |TAMS 0x0000000708600000, 0x0000000708600000| Untracked 
| 119|0x0000000708700000, 0x0000000708700000, 0x0000000708800000|  0%| F|  |TAMS 0x0000000708700000, 0x0000000708700000| Untracked 
| 120|0x0000000708800000, 0x0000000708800000, 0x0000000708900000|  0%| F|  |TAMS 0x0000000708800000, 0x0000000708800000| Untracked 
| 121|0x0000000708900000, 0x0000000708900000, 0x0000000708a00000|  0%| F|  |TAMS 0x0000000708900000, 0x0000000708900000| Untracked 
| 122|0x0000000708a00000, 0x0000000708a00000, 0x0000000708b00000|  0%| F|  |TAMS 0x0000000708a00000, 0x0000000708a00000| Untracked 
| 123|0x0000000708b00000, 0x0000000708b00000, 0x0000000708c00000|  0%| F|  |TAMS 0x0000000708b00000, 0x0000000708b00000| Untracked 
| 124|0x0000000708c00000, 0x0000000708c00000, 0x0000000708d00000|  0%| F|  |TAMS 0x0000000708c00000, 0x0000000708c00000| Untracked 
| 125|0x0000000708d00000, 0x0000000708d00000, 0x0000000708e00000|  0%| F|  |TAMS 0x0000000708d00000, 0x0000000708d00000| Untracked 
| 126|0x0000000708e00000, 0x0000000708e00000, 0x0000000708f00000|  0%| F|  |TAMS 0x0000000708e00000, 0x0000000708e00000| Untracked 
| 127|0x0000000708f00000, 0x0000000708f00000, 0x0000000709000000|  0%| F|  |TAMS 0x0000000708f00000, 0x0000000708f00000| Untracked 
| 128|0x0000000709000000, 0x0000000709000000, 0x0000000709100000|  0%| F|  |TAMS 0x0000000709000000, 0x0000000709000000| Untracked 
| 129|0x0000000709100000, 0x0000000709100000, 0x0000000709200000|  0%| F|  |TAMS 0x0000000709100000, 0x0000000709100000| Untracked 
| 130|0x0000000709200000, 0x0000000709200000, 0x0000000709300000|  0%| F|  |TAMS 0x0000000709200000, 0x0000000709200000| Untracked 
| 131|0x0000000709300000, 0x0000000709300000, 0x0000000709400000|  0%| F|  |TAMS 0x0000000709300000, 0x0000000709300000| Untracked 
| 132|0x0000000709400000, 0x0000000709400000, 0x0000000709500000|  0%| F|  |TAMS 0x0000000709400000, 0x0000000709400000| Untracked 
| 133|0x0000000709500000, 0x0000000709500000, 0x0000000709600000|  0%| F|  |TAMS 0x0000000709500000, 0x0000000709500000| Untracked 
| 134|0x0000000709600000, 0x0000000709600000, 0x0000000709700000|  0%| F|  |TAMS 0x0000000709600000, 0x0000000709600000| Untracked 
| 135|0x0000000709700000, 0x0000000709700000, 0x0000000709800000|  0%| F|  |TAMS 0x0000000709700000, 0x0000000709700000| Untracked 
| 136|0x0000000709800000, 0x0000000709800000, 0x0000000709900000|  0%| F|  |TAMS 0x0000000709800000, 0x0000000709800000| Untracked 
| 137|0x0000000709900000, 0x0000000709900000, 0x0000000709a00000|  0%| F|  |TAMS 0x0000000709900000, 0x0000000709900000| Untracked 
| 138|0x0000000709a00000, 0x0000000709a00000, 0x0000000709b00000|  0%| F|  |TAMS 0x0000000709a00000, 0x0000000709a00000| Untracked 
| 139|0x0000000709b00000, 0x0000000709b00000, 0x0000000709c00000|  0%| F|  |TAMS 0x0000000709b00000, 0x0000000709b00000| Untracked 
| 140|0x0000000709c00000, 0x0000000709c00000, 0x0000000709d00000|  0%| F|  |TAMS 0x0000000709c00000, 0x0000000709c00000| Untracked 
| 141|0x0000000709d00000, 0x0000000709d00000, 0x0000000709e00000|  0%| F|  |TAMS 0x0000000709d00000, 0x0000000709d00000| Untracked 
| 142|0x0000000709e00000, 0x0000000709e00000, 0x0000000709f00000|  0%| F|  |TAMS 0x0000000709e00000, 0x0000000709e00000| Untracked 
| 143|0x0000000709f00000, 0x0000000709f00000, 0x000000070a000000|  0%| F|  |TAMS 0x0000000709f00000, 0x0000000709f00000| Untracked 
| 144|0x000000070a000000, 0x000000070a000000, 0x000000070a100000|  0%| F|  |TAMS 0x000000070a000000, 0x000000070a000000| Untracked 
| 145|0x000000070a100000, 0x000000070a100000, 0x000000070a200000|  0%| F|  |TAMS 0x000000070a100000, 0x000000070a100000| Untracked 
| 146|0x000000070a200000, 0x000000070a200000, 0x000000070a300000|  0%| F|  |TAMS 0x000000070a200000, 0x000000070a200000| Untracked 
| 147|0x000000070a300000, 0x000000070a300000, 0x000000070a400000|  0%| F|  |TAMS 0x000000070a300000, 0x000000070a300000| Untracked 
| 148|0x000000070a400000, 0x000000070a400000, 0x000000070a500000|  0%| F|  |TAMS 0x000000070a400000, 0x000000070a400000| Untracked 
| 149|0x000000070a500000, 0x000000070a500000, 0x000000070a600000|  0%| F|  |TAMS 0x000000070a500000, 0x000000070a500000| Untracked 
| 150|0x000000070a600000, 0x000000070a600000, 0x000000070a700000|  0%| F|  |TAMS 0x000000070a600000, 0x000000070a600000| Untracked 
| 151|0x000000070a700000, 0x000000070a700000, 0x000000070a800000|  0%| F|  |TAMS 0x000000070a700000, 0x000000070a700000| Untracked 
| 152|0x000000070a800000, 0x000000070a800000, 0x000000070a900000|  0%| F|  |TAMS 0x000000070a800000, 0x000000070a800000| Untracked 
| 153|0x000000070a900000, 0x000000070a900000, 0x000000070aa00000|  0%| F|  |TAMS 0x000000070a900000, 0x000000070a900000| Untracked 
| 154|0x000000070aa00000, 0x000000070aa00000, 0x000000070ab00000|  0%| F|  |TAMS 0x000000070aa00000, 0x000000070aa00000| Untracked 
| 155|0x000000070ab00000, 0x000000070ab00000, 0x000000070ac00000|  0%| F|  |TAMS 0x000000070ab00000, 0x000000070ab00000| Untracked 
| 156|0x000000070ac00000, 0x000000070ac00000, 0x000000070ad00000|  0%| F|  |TAMS 0x000000070ac00000, 0x000000070ac00000| Untracked 
| 157|0x000000070ad00000, 0x000000070ad00000, 0x000000070ae00000|  0%| F|  |TAMS 0x000000070ad00000, 0x000000070ad00000| Untracked 
| 158|0x000000070ae00000, 0x000000070ae00000, 0x000000070af00000|  0%| F|  |TAMS 0x000000070ae00000, 0x000000070ae00000| Untracked 
| 159|0x000000070af00000, 0x000000070af00000, 0x000000070b000000|  0%| F|  |TAMS 0x000000070af00000, 0x000000070af00000| Untracked 
| 160|0x000000070b000000, 0x000000070b000000, 0x000000070b100000|  0%| F|  |TAMS 0x000000070b000000, 0x000000070b000000| Untracked 
| 161|0x000000070b100000, 0x000000070b100000, 0x000000070b200000|  0%| F|  |TAMS 0x000000070b100000, 0x000000070b100000| Untracked 
| 162|0x000000070b200000, 0x000000070b200000, 0x000000070b300000|  0%| F|  |TAMS 0x000000070b200000, 0x000000070b200000| Untracked 
| 163|0x000000070b300000, 0x000000070b300000, 0x000000070b400000|  0%| F|  |TAMS 0x000000070b300000, 0x000000070b300000| Untracked 
| 164|0x000000070b400000, 0x000000070b400000, 0x000000070b500000|  0%| F|  |TAMS 0x000000070b400000, 0x000000070b400000| Untracked 
| 165|0x000000070b500000, 0x000000070b500000, 0x000000070b600000|  0%| F|  |TAMS 0x000000070b500000, 0x000000070b500000| Untracked 
| 166|0x000000070b600000, 0x000000070b600000, 0x000000070b700000|  0%| F|  |TAMS 0x000000070b600000, 0x000000070b600000| Untracked 
| 167|0x000000070b700000, 0x000000070b700000, 0x000000070b800000|  0%| F|  |TAMS 0x000000070b700000, 0x000000070b700000| Untracked 
| 168|0x000000070b800000, 0x000000070b800000, 0x000000070b900000|  0%| F|  |TAMS 0x000000070b800000, 0x000000070b800000| Untracked 
| 169|0x000000070b900000, 0x000000070b900000, 0x000000070ba00000|  0%| F|  |TAMS 0x000000070b900000, 0x000000070b900000| Untracked 
| 170|0x000000070ba00000, 0x000000070ba00000, 0x000000070bb00000|  0%| F|  |TAMS 0x000000070ba00000, 0x000000070ba00000| Untracked 
| 171|0x000000070bb00000, 0x000000070bb00000, 0x000000070bc00000|  0%| F|  |TAMS 0x000000070bb00000, 0x000000070bb00000| Untracked 
| 172|0x000000070bc00000, 0x000000070bc00000, 0x000000070bd00000|  0%| F|  |TAMS 0x000000070bc00000, 0x000000070bc00000| Untracked 
| 173|0x000000070bd00000, 0x000000070bd00000, 0x000000070be00000|  0%| F|  |TAMS 0x000000070bd00000, 0x000000070bd00000| Untracked 
| 174|0x000000070be00000, 0x000000070be00000, 0x000000070bf00000|  0%| F|  |TAMS 0x000000070be00000, 0x000000070be00000| Untracked 
| 175|0x000000070bf00000, 0x000000070bf00000, 0x000000070c000000|  0%| F|  |TAMS 0x000000070bf00000, 0x000000070bf00000| Untracked 
| 176|0x000000070c000000, 0x000000070c000000, 0x000000070c100000|  0%| F|  |TAMS 0x000000070c000000, 0x000000070c000000| Untracked 
| 177|0x000000070c100000, 0x000000070c100000, 0x000000070c200000|  0%| F|  |TAMS 0x000000070c100000, 0x000000070c100000| Untracked 
| 178|0x000000070c200000, 0x000000070c200000, 0x000000070c300000|  0%| F|  |TAMS 0x000000070c200000, 0x000000070c200000| Untracked 
| 179|0x000000070c300000, 0x000000070c300000, 0x000000070c400000|  0%| F|  |TAMS 0x000000070c300000, 0x000000070c300000| Untracked 
| 180|0x000000070c400000, 0x000000070c400000, 0x000000070c500000|  0%| F|  |TAMS 0x000000070c400000, 0x000000070c400000| Untracked 
| 181|0x000000070c500000, 0x000000070c500000, 0x000000070c600000|  0%| F|  |TAMS 0x000000070c500000, 0x000000070c500000| Untracked 
| 182|0x000000070c600000, 0x000000070c600000, 0x000000070c700000|  0%| F|  |TAMS 0x000000070c600000, 0x000000070c600000| Untracked 
| 183|0x000000070c700000, 0x000000070c700000, 0x000000070c800000|  0%| F|  |TAMS 0x000000070c700000, 0x000000070c700000| Untracked 
| 184|0x000000070c800000, 0x000000070c800000, 0x000000070c900000|  0%| F|  |TAMS 0x000000070c800000, 0x000000070c800000| Untracked 
| 185|0x000000070c900000, 0x000000070c900000, 0x000000070ca00000|  0%| F|  |TAMS 0x000000070c900000, 0x000000070c900000| Untracked 
| 186|0x000000070ca00000, 0x000000070ca00000, 0x000000070cb00000|  0%| F|  |TAMS 0x000000070ca00000, 0x000000070ca00000| Untracked 
| 187|0x000000070cb00000, 0x000000070cb00000, 0x000000070cc00000|  0%| F|  |TAMS 0x000000070cb00000, 0x000000070cb00000| Untracked 
| 188|0x000000070cc00000, 0x000000070cc00000, 0x000000070cd00000|  0%| F|  |TAMS 0x000000070cc00000, 0x000000070cc00000| Untracked 
| 189|0x000000070cd00000, 0x000000070cd00000, 0x000000070ce00000|  0%| F|  |TAMS 0x000000070cd00000, 0x000000070cd00000| Untracked 
| 190|0x000000070ce00000, 0x000000070ce00000, 0x000000070cf00000|  0%| F|  |TAMS 0x000000070ce00000, 0x000000070ce00000| Untracked 
| 191|0x000000070cf00000, 0x000000070cf00000, 0x000000070d000000|  0%| F|  |TAMS 0x000000070cf00000, 0x000000070cf00000| Untracked 
| 192|0x000000070d000000, 0x000000070d000000, 0x000000070d100000|  0%| F|  |TAMS 0x000000070d000000, 0x000000070d000000| Untracked 
| 193|0x000000070d100000, 0x000000070d100000, 0x000000070d200000|  0%| F|  |TAMS 0x000000070d100000, 0x000000070d100000| Untracked 
| 194|0x000000070d200000, 0x000000070d200000, 0x000000070d300000|  0%| F|  |TAMS 0x000000070d200000, 0x000000070d200000| Untracked 
| 195|0x000000070d300000, 0x000000070d300000, 0x000000070d400000|  0%| F|  |TAMS 0x000000070d300000, 0x000000070d300000| Untracked 
| 196|0x000000070d400000, 0x000000070d400000, 0x000000070d500000|  0%| F|  |TAMS 0x000000070d400000, 0x000000070d400000| Untracked 
| 197|0x000000070d500000, 0x000000070d500000, 0x000000070d600000|  0%| F|  |TAMS 0x000000070d500000, 0x000000070d500000| Untracked 
| 198|0x000000070d600000, 0x000000070d600000, 0x000000070d700000|  0%| F|  |TAMS 0x000000070d600000, 0x000000070d600000| Untracked 
| 199|0x000000070d700000, 0x000000070d700000, 0x000000070d800000|  0%| F|  |TAMS 0x000000070d700000, 0x000000070d700000| Untracked 
| 200|0x000000070d800000, 0x000000070d800000, 0x000000070d900000|  0%| F|  |TAMS 0x000000070d800000, 0x000000070d800000| Untracked 
| 201|0x000000070d900000, 0x000000070d900000, 0x000000070da00000|  0%| F|  |TAMS 0x000000070d900000, 0x000000070d900000| Untracked 
| 202|0x000000070da00000, 0x000000070da00000, 0x000000070db00000|  0%| F|  |TAMS 0x000000070da00000, 0x000000070da00000| Untracked 
| 203|0x000000070db00000, 0x000000070db00000, 0x000000070dc00000|  0%| F|  |TAMS 0x000000070db00000, 0x000000070db00000| Untracked 
| 204|0x000000070dc00000, 0x000000070dc00000, 0x000000070dd00000|  0%| F|  |TAMS 0x000000070dc00000, 0x000000070dc00000| Untracked 
| 205|0x000000070dd00000, 0x000000070dd00000, 0x000000070de00000|  0%| F|  |TAMS 0x000000070dd00000, 0x000000070dd00000| Untracked 
| 206|0x000000070de00000, 0x000000070de00000, 0x000000070df00000|  0%| F|  |TAMS 0x000000070de00000, 0x000000070de00000| Untracked 
| 207|0x000000070df00000, 0x000000070df00000, 0x000000070e000000|  0%| F|  |TAMS 0x000000070df00000, 0x000000070df00000| Untracked 
| 208|0x000000070e000000, 0x000000070e000000, 0x000000070e100000|  0%| F|  |TAMS 0x000000070e000000, 0x000000070e000000| Untracked 
| 209|0x000000070e100000, 0x000000070e100000, 0x000000070e200000|  0%| F|  |TAMS 0x000000070e100000, 0x000000070e100000| Untracked 
| 210|0x000000070e200000, 0x000000070e200000, 0x000000070e300000|  0%| F|  |TAMS 0x000000070e200000, 0x000000070e200000| Untracked 
| 211|0x000000070e300000, 0x000000070e380000, 0x000000070e400000| 50%| S|CS|TAMS 0x000000070e300000, 0x000000070e300000| Complete 
| 212|0x000000070e400000, 0x000000070e500000, 0x000000070e500000|100%| S|CS|TAMS 0x000000070e400000, 0x000000070e400000| Complete 
| 213|0x000000070e500000, 0x000000070e600000, 0x000000070e600000|100%| S|CS|TAMS 0x000000070e500000, 0x000000070e500000| Complete 
| 214|0x000000070e600000, 0x000000070e700000, 0x000000070e700000|100%| S|CS|TAMS 0x000000070e600000, 0x000000070e600000| Complete 
| 215|0x000000070e700000, 0x000000070e800000, 0x000000070e800000|100%| S|CS|TAMS 0x000000070e700000, 0x000000070e700000| Complete 
| 216|0x000000070e800000, 0x000000070e900000, 0x000000070e900000|100%| S|CS|TAMS 0x000000070e800000, 0x000000070e800000| Complete 
| 217|0x000000070e900000, 0x000000070ea00000, 0x000000070ea00000|100%| S|CS|TAMS 0x000000070e900000, 0x000000070e900000| Complete 
| 218|0x000000070ea00000, 0x000000070eb00000, 0x000000070eb00000|100%| S|CS|TAMS 0x000000070ea00000, 0x000000070ea00000| Complete 
| 219|0x000000070eb00000, 0x000000070ec00000, 0x000000070ec00000|100%| S|CS|TAMS 0x000000070eb00000, 0x000000070eb00000| Complete 
| 220|0x000000070ec00000, 0x000000070ed00000, 0x000000070ed00000|100%| S|CS|TAMS 0x000000070ec00000, 0x000000070ec00000| Complete 
| 221|0x000000070ed00000, 0x000000070ee00000, 0x000000070ee00000|100%| S|CS|TAMS 0x000000070ed00000, 0x000000070ed00000| Complete 
| 222|0x000000070ee00000, 0x000000070ef00000, 0x000000070ef00000|100%| S|CS|TAMS 0x000000070ee00000, 0x000000070ee00000| Complete 
| 223|0x000000070ef00000, 0x000000070ef00000, 0x000000070f000000|  0%| F|  |TAMS 0x000000070ef00000, 0x000000070ef00000| Untracked 
| 224|0x000000070f000000, 0x000000070f000000, 0x000000070f100000|  0%| F|  |TAMS 0x000000070f000000, 0x000000070f000000| Untracked 
| 225|0x000000070f100000, 0x000000070f100000, 0x000000070f200000|  0%| F|  |TAMS 0x000000070f100000, 0x000000070f100000| Untracked 
| 226|0x000000070f200000, 0x000000070f200000, 0x000000070f300000|  0%| F|  |TAMS 0x000000070f200000, 0x000000070f200000| Untracked 
| 227|0x000000070f300000, 0x000000070f300000, 0x000000070f400000|  0%| F|  |TAMS 0x000000070f300000, 0x000000070f300000| Untracked 
| 228|0x000000070f400000, 0x000000070f400000, 0x000000070f500000|  0%| F|  |TAMS 0x000000070f400000, 0x000000070f400000| Untracked 
| 229|0x000000070f500000, 0x000000070f500000, 0x000000070f600000|  0%| F|  |TAMS 0x000000070f500000, 0x000000070f500000| Untracked 
| 230|0x000000070f600000, 0x000000070f600000, 0x000000070f700000|  0%| F|  |TAMS 0x000000070f600000, 0x000000070f600000| Untracked 
| 231|0x000000070f700000, 0x000000070f700000, 0x000000070f800000|  0%| F|  |TAMS 0x000000070f700000, 0x000000070f700000| Untracked 
| 232|0x000000070f800000, 0x000000070f800000, 0x000000070f900000|  0%| F|  |TAMS 0x000000070f800000, 0x000000070f800000| Untracked 
| 233|0x000000070f900000, 0x000000070f900000, 0x000000070fa00000|  0%| F|  |TAMS 0x000000070f900000, 0x000000070f900000| Untracked 
| 234|0x000000070fa00000, 0x000000070fa00000, 0x000000070fb00000|  0%| F|  |TAMS 0x000000070fa00000, 0x000000070fa00000| Untracked 
| 235|0x000000070fb00000, 0x000000070fb00000, 0x000000070fc00000|  0%| F|  |TAMS 0x000000070fb00000, 0x000000070fb00000| Untracked 
| 236|0x000000070fc00000, 0x000000070fc00000, 0x000000070fd00000|  0%| F|  |TAMS 0x000000070fc00000, 0x000000070fc00000| Untracked 
| 237|0x000000070fd00000, 0x000000070fd00000, 0x000000070fe00000|  0%| F|  |TAMS 0x000000070fd00000, 0x000000070fd00000| Untracked 
| 238|0x000000070fe00000, 0x000000070fe00000, 0x000000070ff00000|  0%| F|  |TAMS 0x000000070fe00000, 0x000000070fe00000| Untracked 
| 239|0x000000070ff00000, 0x0000000710000000, 0x0000000710000000|100%| E|  |TAMS 0x000000070ff00000, 0x000000070ff00000| Complete 
| 240|0x0000000710000000, 0x0000000710100000, 0x0000000710100000|100%| E|CS|TAMS 0x0000000710000000, 0x0000000710000000| Complete 
| 241|0x0000000710100000, 0x0000000710200000, 0x0000000710200000|100%| E|CS|TAMS 0x0000000710100000, 0x0000000710100000| Complete 
| 242|0x0000000710200000, 0x0000000710300000, 0x0000000710300000|100%| E|CS|TAMS 0x0000000710200000, 0x0000000710200000| Complete 
| 243|0x0000000710300000, 0x0000000710400000, 0x0000000710400000|100%| E|CS|TAMS 0x0000000710300000, 0x0000000710300000| Complete 
| 244|0x0000000710400000, 0x0000000710500000, 0x0000000710500000|100%| E|CS|TAMS 0x0000000710400000, 0x0000000710400000| Complete 
| 245|0x0000000710500000, 0x0000000710600000, 0x0000000710600000|100%| E|CS|TAMS 0x0000000710500000, 0x0000000710500000| Complete 
| 246|0x0000000710600000, 0x0000000710700000, 0x0000000710700000|100%| E|CS|TAMS 0x0000000710600000, 0x0000000710600000| Complete 
| 247|0x0000000710700000, 0x0000000710800000, 0x0000000710800000|100%| E|CS|TAMS 0x0000000710700000, 0x0000000710700000| Complete 
| 248|0x0000000710800000, 0x0000000710900000, 0x0000000710900000|100%| E|CS|TAMS 0x0000000710800000, 0x0000000710800000| Complete 
| 249|0x0000000710900000, 0x0000000710a00000, 0x0000000710a00000|100%| E|CS|TAMS 0x0000000710900000, 0x0000000710900000| Complete 
| 250|0x0000000710a00000, 0x0000000710b00000, 0x0000000710b00000|100%| E|CS|TAMS 0x0000000710a00000, 0x0000000710a00000| Complete 
| 251|0x0000000710b00000, 0x0000000710c00000, 0x0000000710c00000|100%| E|CS|TAMS 0x0000000710b00000, 0x0000000710b00000| Complete 
| 252|0x0000000710c00000, 0x0000000710d00000, 0x0000000710d00000|100%| E|CS|TAMS 0x0000000710c00000, 0x0000000710c00000| Complete 
| 253|0x0000000710d00000, 0x0000000710e00000, 0x0000000710e00000|100%| E|CS|TAMS 0x0000000710d00000, 0x0000000710d00000| Complete 
| 254|0x0000000710e00000, 0x0000000710f00000, 0x0000000710f00000|100%| E|CS|TAMS 0x0000000710e00000, 0x0000000710e00000| Complete 
| 255|0x0000000710f00000, 0x0000000711000000, 0x0000000711000000|100%| E|CS|TAMS 0x0000000710f00000, 0x0000000710f00000| Complete 
| 256|0x0000000711000000, 0x0000000711100000, 0x0000000711100000|100%| E|CS|TAMS 0x0000000711000000, 0x0000000711000000| Complete 
| 257|0x0000000711100000, 0x0000000711200000, 0x0000000711200000|100%| E|CS|TAMS 0x0000000711100000, 0x0000000711100000| Complete 
| 258|0x0000000711200000, 0x0000000711300000, 0x0000000711300000|100%| E|CS|TAMS 0x0000000711200000, 0x0000000711200000| Complete 
| 259|0x0000000711300000, 0x0000000711400000, 0x0000000711400000|100%| E|CS|TAMS 0x0000000711300000, 0x0000000711300000| Complete 
| 260|0x0000000711400000, 0x0000000711500000, 0x0000000711500000|100%| E|CS|TAMS 0x0000000711400000, 0x0000000711400000| Complete 
| 261|0x0000000711500000, 0x0000000711600000, 0x0000000711600000|100%| E|CS|TAMS 0x0000000711500000, 0x0000000711500000| Complete 
| 262|0x0000000711600000, 0x0000000711700000, 0x0000000711700000|100%| E|CS|TAMS 0x0000000711600000, 0x0000000711600000| Complete 
| 263|0x0000000711700000, 0x0000000711800000, 0x0000000711800000|100%| E|CS|TAMS 0x0000000711700000, 0x0000000711700000| Complete 
| 264|0x0000000711800000, 0x0000000711900000, 0x0000000711900000|100%| E|CS|TAMS 0x0000000711800000, 0x0000000711800000| Complete 
| 265|0x0000000711900000, 0x0000000711a00000, 0x0000000711a00000|100%| E|CS|TAMS 0x0000000711900000, 0x0000000711900000| Complete 
| 266|0x0000000711a00000, 0x0000000711b00000, 0x0000000711b00000|100%| E|CS|TAMS 0x0000000711a00000, 0x0000000711a00000| Complete 
| 267|0x0000000711b00000, 0x0000000711c00000, 0x0000000711c00000|100%| E|CS|TAMS 0x0000000711b00000, 0x0000000711b00000| Complete 
| 268|0x0000000711c00000, 0x0000000711d00000, 0x0000000711d00000|100%| E|CS|TAMS 0x0000000711c00000, 0x0000000711c00000| Complete 
| 269|0x0000000711d00000, 0x0000000711e00000, 0x0000000711e00000|100%| E|CS|TAMS 0x0000000711d00000, 0x0000000711d00000| Complete 
| 270|0x0000000711e00000, 0x0000000711f00000, 0x0000000711f00000|100%| E|CS|TAMS 0x0000000711e00000, 0x0000000711e00000| Complete 
| 271|0x0000000711f00000, 0x0000000712000000, 0x0000000712000000|100%| E|CS|TAMS 0x0000000711f00000, 0x0000000711f00000| Complete 
| 272|0x0000000712000000, 0x0000000712100000, 0x0000000712100000|100%| E|CS|TAMS 0x0000000712000000, 0x0000000712000000| Complete 
| 273|0x0000000712100000, 0x0000000712200000, 0x0000000712200000|100%| E|CS|TAMS 0x0000000712100000, 0x0000000712100000| Complete 
| 274|0x0000000712200000, 0x0000000712300000, 0x0000000712300000|100%| E|CS|TAMS 0x0000000712200000, 0x0000000712200000| Complete 
| 275|0x0000000712300000, 0x0000000712400000, 0x0000000712400000|100%| E|CS|TAMS 0x0000000712300000, 0x0000000712300000| Complete 
| 276|0x0000000712400000, 0x0000000712500000, 0x0000000712500000|100%| E|CS|TAMS 0x0000000712400000, 0x0000000712400000| Complete 
| 277|0x0000000712500000, 0x0000000712600000, 0x0000000712600000|100%| E|CS|TAMS 0x0000000712500000, 0x0000000712500000| Complete 
| 278|0x0000000712600000, 0x0000000712700000, 0x0000000712700000|100%| E|CS|TAMS 0x0000000712600000, 0x0000000712600000| Complete 
| 279|0x0000000712700000, 0x0000000712800000, 0x0000000712800000|100%| E|CS|TAMS 0x0000000712700000, 0x0000000712700000| Complete 
| 280|0x0000000712800000, 0x0000000712900000, 0x0000000712900000|100%| E|CS|TAMS 0x0000000712800000, 0x0000000712800000| Complete 
| 281|0x0000000712900000, 0x0000000712a00000, 0x0000000712a00000|100%| E|CS|TAMS 0x0000000712900000, 0x0000000712900000| Complete 
| 282|0x0000000712a00000, 0x0000000712b00000, 0x0000000712b00000|100%| E|CS|TAMS 0x0000000712a00000, 0x0000000712a00000| Complete 
| 283|0x0000000712b00000, 0x0000000712c00000, 0x0000000712c00000|100%| E|CS|TAMS 0x0000000712b00000, 0x0000000712b00000| Complete 
| 284|0x0000000712c00000, 0x0000000712d00000, 0x0000000712d00000|100%| E|CS|TAMS 0x0000000712c00000, 0x0000000712c00000| Complete 
| 285|0x0000000712d00000, 0x0000000712e00000, 0x0000000712e00000|100%| E|CS|TAMS 0x0000000712d00000, 0x0000000712d00000| Complete 
| 286|0x0000000712e00000, 0x0000000712f00000, 0x0000000712f00000|100%| E|CS|TAMS 0x0000000712e00000, 0x0000000712e00000| Complete 
| 287|0x0000000712f00000, 0x0000000713000000, 0x0000000713000000|100%| E|CS|TAMS 0x0000000712f00000, 0x0000000712f00000| Complete 
| 288|0x0000000713000000, 0x0000000713100000, 0x0000000713100000|100%| E|CS|TAMS 0x0000000713000000, 0x0000000713000000| Complete 
| 289|0x0000000713100000, 0x0000000713200000, 0x0000000713200000|100%| E|CS|TAMS 0x0000000713100000, 0x0000000713100000| Complete 
| 290|0x0000000713200000, 0x0000000713300000, 0x0000000713300000|100%| E|CS|TAMS 0x0000000713200000, 0x0000000713200000| Complete 
| 291|0x0000000713300000, 0x0000000713400000, 0x0000000713400000|100%| E|CS|TAMS 0x0000000713300000, 0x0000000713300000| Complete 
| 292|0x0000000713400000, 0x0000000713500000, 0x0000000713500000|100%| E|CS|TAMS 0x0000000713400000, 0x0000000713400000| Complete 
| 293|0x0000000713500000, 0x0000000713600000, 0x0000000713600000|100%| E|CS|TAMS 0x0000000713500000, 0x0000000713500000| Complete 
| 294|0x0000000713600000, 0x0000000713700000, 0x0000000713700000|100%| E|CS|TAMS 0x0000000713600000, 0x0000000713600000| Complete 
| 295|0x0000000713700000, 0x0000000713800000, 0x0000000713800000|100%| E|CS|TAMS 0x0000000713700000, 0x0000000713700000| Complete 
| 296|0x0000000713800000, 0x0000000713900000, 0x0000000713900000|100%| E|CS|TAMS 0x0000000713800000, 0x0000000713800000| Complete 
| 297|0x0000000713900000, 0x0000000713a00000, 0x0000000713a00000|100%| E|CS|TAMS 0x0000000713900000, 0x0000000713900000| Complete 
| 298|0x0000000713a00000, 0x0000000713b00000, 0x0000000713b00000|100%| E|CS|TAMS 0x0000000713a00000, 0x0000000713a00000| Complete 
| 299|0x0000000713b00000, 0x0000000713c00000, 0x0000000713c00000|100%| E|CS|TAMS 0x0000000713b00000, 0x0000000713b00000| Complete 
| 300|0x0000000713c00000, 0x0000000713d00000, 0x0000000713d00000|100%| E|CS|TAMS 0x0000000713c00000, 0x0000000713c00000| Complete 
| 301|0x0000000713d00000, 0x0000000713e00000, 0x0000000713e00000|100%| E|CS|TAMS 0x0000000713d00000, 0x0000000713d00000| Complete 
| 302|0x0000000713e00000, 0x0000000713f00000, 0x0000000713f00000|100%| E|CS|TAMS 0x0000000713e00000, 0x0000000713e00000| Complete 
| 303|0x0000000713f00000, 0x0000000714000000, 0x0000000714000000|100%| E|CS|TAMS 0x0000000713f00000, 0x0000000713f00000| Complete 
| 304|0x0000000714000000, 0x0000000714100000, 0x0000000714100000|100%| E|CS|TAMS 0x0000000714000000, 0x0000000714000000| Complete 
| 305|0x0000000714100000, 0x0000000714200000, 0x0000000714200000|100%| E|CS|TAMS 0x0000000714100000, 0x0000000714100000| Complete 
| 306|0x0000000714200000, 0x0000000714300000, 0x0000000714300000|100%| E|CS|TAMS 0x0000000714200000, 0x0000000714200000| Complete 
| 307|0x0000000714300000, 0x0000000714400000, 0x0000000714400000|100%| E|CS|TAMS 0x0000000714300000, 0x0000000714300000| Complete 

Card table byte_map: [0x000001f360d50000,0x000001f361550000] _byte_map_base: 0x000001f35d548000

Marking Bits (Prev, Next): (CMBitMap*) 0x000001f348f50918, (CMBitMap*) 0x000001f348f50950
 Prev Bits: [0x000001f361d50000, 0x000001f365d10000)
 Next Bits: [0x000001f365d10000, 0x000001f369cd0000)

Polling page: 0x000001f346cf0000

Metaspace:

Usage:
  Non-class:     37.89 MB capacity,    37.23 MB ( 98%) used,   594.92 KB (  2%) free+waste,    84.13 KB ( <1%) overhead. 
      Class:      4.90 MB capacity,     4.48 MB ( 92%) used,   385.21 KB (  8%) free+waste,    37.75 KB ( <1%) overhead. 
       Both:     42.79 MB capacity,    41.71 MB ( 97%) used,   980.13 KB (  2%) free+waste,   121.88 KB ( <1%) overhead. 

Virtual space:
  Non-class space:       40.00 MB reserved,      38.08 MB ( 95%) committed 
      Class space:        1.00 GB reserved,       4.95 MB ( <1%) committed 
             Both:        1.04 GB reserved,      43.03 MB (  4%) committed 

Chunk freelists:
   Non-Class:  2.00 KB
       Class:  9.00 KB
        Both:  11.00 KB

MaxMetaspaceSize: 17179869184.00 GB
CompressedClassSpaceSize: 1.00 GB

CodeHeap 'non-profiled nmethods': size=120064Kb used=3722Kb max_used=3722Kb free=116342Kb
 bounds [0x000001f359010000, 0x000001f3593c0000, 0x000001f360550000]
CodeHeap 'profiled nmethods': size=120000Kb used=14752Kb max_used=14752Kb free=105247Kb
 bounds [0x000001f351ae0000, 0x000001f352950000, 0x000001f359010000]
CodeHeap 'non-nmethods': size=5696Kb used=2211Kb max_used=2255Kb free=3485Kb
 bounds [0x000001f351550000, 0x000001f3517c0000, 0x000001f351ae0000]
 total_blobs=8632 nmethods=6022 adapters=670
 compilation: enabled
              stopped_count=0, restarted_count=0
 full_count=0

Compilation events (20 events):
Event: 8.103 Thread 0x000001f36caf2000 nmethod 6023 0x000001f352941690 code [0x000001f352941900, 0x000001f352942840]
Event: 8.105 Thread 0x000001f36caec000 nmethod 5990 0x000001f3593a9610 code [0x000001f3593a97e0, 0x000001f3593aa0f8]
Event: 8.105 Thread 0x000001f36caec000 6013       4       org.apache.tools.ant.util.FileUtils::normalize (184 bytes)
Event: 8.118 Thread 0x000001f36caf2000 6025       3       java.lang.String::format (16 bytes)
Event: 8.118 Thread 0x000001f36caf2000 nmethod 6025 0x000001f352942b90 code [0x000001f352942e00, 0x000001f3529437b0]
Event: 8.118 Thread 0x000001f36caf2000 6026       3       java.util.Formatter::<init> (18 bytes)
Event: 8.119 Thread 0x000001f36caf2000 nmethod 6026 0x000001f352943b10 code [0x000001f352943d40, 0x000001f352944320]
Event: 8.119 Thread 0x000001f36caf2000 6027       3       java.util.Formatter::format (11 bytes)
Event: 8.119 Thread 0x000001f36caf2000 nmethod 6027 0x000001f352944510 code [0x000001f3529446c0, 0x000001f352944870]
Event: 8.119 Thread 0x000001f36caf2000 6028       3       java.util.Formatter::toString (12 bytes)
Event: 8.119 Thread 0x000001f36caf2000 nmethod 6028 0x000001f352944910 code [0x000001f352944b00, 0x000001f352944e40]
Event: 8.126 Thread 0x000001f36caf2000 6038       3       jdk.internal.misc.Unsafe::ensureClassInitialized (18 bytes)
Event: 8.126 Thread 0x000001f36caf2000 nmethod 6038 0x000001f352944f90 code [0x000001f352945160, 0x000001f352945400]
Event: 8.168 Thread 0x000001f36d35d000 nmethod 6014 0x000001f3593ab610 code [0x000001f3593ab8a0, 0x000001f3593ae1d8]
Event: 8.169 Thread 0x000001f36d35d000 6029       4       java.util.Formatter$Conversion::isGeneral (64 bytes)
Event: 8.169 Thread 0x000001f36d35d000 nmethod 6029 0x000001f3593af410 code [0x000001f3593af5a0, 0x000001f3593af638]
Event: 8.169 Thread 0x000001f36d35d000 5996       4       java.util.StringTokenizer::nextToken (92 bytes)
Event: 8.188 Thread 0x000001f36d35d000 nmethod 5996 0x000001f3593af690 code [0x000001f3593af860, 0x000001f3593b02e8]
Event: 8.188 Thread 0x000001f36d35d000 6024       4       java.util.stream.AbstractPipeline::evaluate (94 bytes)
Event: 8.192 Thread 0x000001f36d35d000 nmethod 6024 0x000001f3593b0910 code [0x000001f3593b0ae0, 0x000001f3593b0ea8]

GC Heap History (14 events):
Event: 0.752 GC heap before
{Heap before GC invocations=0 (full 0):
 garbage-first heap   total 262144K, used 13312K [0x0000000701000000, 0x0000000800000000)
  region size 1024K, 14 young (14336K), 0 survivors (0K)
 Metaspace       used 11458K, capacity 11735K, committed 12032K, reserved 1060864K
  class space    used 1088K, capacity 1168K, committed 1280K, reserved 1048576K
}
Event: 0.756 GC heap after
{Heap after GC invocations=1 (full 0):
 garbage-first heap   total 262144K, used 3392K [0x0000000701000000, 0x0000000800000000)
  region size 1024K, 2 young (2048K), 2 survivors (2048K)
 Metaspace       used 11458K, capacity 11735K, committed 12032K, reserved 1060864K
  class space    used 1088K, capacity 1168K, committed 1280K, reserved 1048576K
}
Event: 0.974 GC heap before
{Heap before GC invocations=1 (full 0):
 garbage-first heap   total 262144K, used 15680K [0x0000000701000000, 0x0000000800000000)
  region size 1024K, 14 young (14336K), 2 survivors (2048K)
 Metaspace       used 13532K, capacity 13827K, committed 14080K, reserved 1062912K
  class space    used 1374K, capacity 1460K, committed 1536K, reserved 1048576K
}
Event: 0.977 GC heap after
{Heap after GC invocations=2 (full 0):
 garbage-first heap   total 262144K, used 3928K [0x0000000701000000, 0x0000000800000000)
  region size 1024K, 1 young (1024K), 1 survivors (1024K)
 Metaspace       used 13532K, capacity 13827K, committed 14080K, reserved 1062912K
  class space    used 1374K, capacity 1460K, committed 1536K, reserved 1048576K
}
Event: 1.516 GC heap before
{Heap before GC invocations=2 (full 0):
 garbage-first heap   total 262144K, used 34648K [0x0000000701000000, 0x0000000800000000)
  region size 1024K, 31 young (31744K), 1 survivors (1024K)
 Metaspace       used 17460K, capacity 17801K, committed 17920K, reserved 1064960K
  class space    used 1864K, capacity 1992K, committed 2048K, reserved 1048576K
}
Event: 1.519 GC heap after
{Heap after GC invocations=3 (full 0):
 garbage-first heap   total 262144K, used 5330K [0x0000000701000000, 0x0000000800000000)
  region size 1024K, 2 young (2048K), 2 survivors (2048K)
 Metaspace       used 17460K, capacity 17801K, committed 17920K, reserved 1064960K
  class space    used 1864K, capacity 1992K, committed 2048K, reserved 1048576K
}
Event: 1.951 GC heap before
{Heap before GC invocations=3 (full 0):
 garbage-first heap   total 262144K, used 23762K [0x0000000701000000, 0x0000000800000000)
  region size 1024K, 21 young (21504K), 2 survivors (2048K)
 Metaspace       used 20773K, capacity 21113K, committed 21296K, reserved 1069056K
  class space    used 2235K, capacity 2357K, committed 2432K, reserved 1048576K
}
Event: 1.959 GC heap after
{Heap after GC invocations=4 (full 0):
 garbage-first heap   total 262144K, used 6571K [0x0000000701000000, 0x0000000800000000)
  region size 1024K, 4 young (4096K), 4 survivors (4096K)
 Metaspace       used 20773K, capacity 21113K, committed 21296K, reserved 1069056K
  class space    used 2235K, capacity 2357K, committed 2432K, reserved 1048576K
}
Event: 3.334 GC heap before
{Heap before GC invocations=5 (full 0):
 garbage-first heap   total 262144K, used 54699K [0x0000000701000000, 0x0000000800000000)
  region size 1024K, 51 young (52224K), 4 survivors (4096K)
 Metaspace       used 22362K, capacity 22846K, committed 22960K, reserved 1069056K
  class space    used 2368K, capacity 2506K, committed 2560K, reserved 1048576K
}
Event: 3.342 GC heap after
{Heap after GC invocations=6 (full 0):
 garbage-first heap   total 262144K, used 9002K [0x0000000701000000, 0x0000000800000000)
  region size 1024K, 6 young (6144K), 6 survivors (6144K)
 Metaspace       used 22362K, capacity 22846K, committed 22960K, reserved 1069056K
  class space    used 2368K, capacity 2506K, committed 2560K, reserved 1048576K
}
Event: 6.543 GC heap before
{Heap before GC invocations=6 (full 0):
 garbage-first heap   total 262144K, used 159530K [0x0000000701000000, 0x0000000800000000)
  region size 1024K, 153 young (156672K), 6 survivors (6144K)
 Metaspace       used 31488K, capacity 32241K, committed 32560K, reserved 1079296K
  class space    used 3391K, capacity 3647K, committed 3712K, reserved 1048576K
}
Event: 6.556 GC heap after
{Heap after GC invocations=7 (full 0):
 garbage-first heap   total 262144K, used 17589K [0x0000000701000000, 0x0000000800000000)
  region size 1024K, 14 young (14336K), 14 survivors (14336K)
 Metaspace       used 31488K, capacity 32241K, committed 32560K, reserved 1079296K
  class space    used 3391K, capacity 3647K, committed 3712K, reserved 1048576K
}
Event: 7.048 GC heap before
{Heap before GC invocations=7 (full 0):
 garbage-first heap   total 262144K, used 49333K [0x0000000701000000, 0x0000000800000000)
  region size 1024K, 47 young (48128K), 14 survivors (14336K)
 Metaspace       used 35158K, capacity 35872K, committed 35920K, reserved 1081344K
  class space    used 3821K, capacity 4070K, committed 4096K, reserved 1048576K
}
Event: 7.071 GC heap after
{Heap after GC invocations=8 (full 0):
 garbage-first heap   total 315392K, used 20301K [0x0000000701000000, 0x0000000800000000)
  region size 1024K, 12 young (12288K), 12 survivors (12288K)
 Metaspace       used 35158K, capacity 35872K, committed 35920K, reserved 1081344K
  class space    used 3821K, capacity 4070K, committed 4096K, reserved 1048576K
}

Deoptimization events (20 events):
Event: 8.048 Thread 0x000001f348eec000 DEOPT PACKING pc=0x000001f359399574 sp=0x0000004e173fac80
Event: 8.048 Thread 0x000001f348eec000 DEOPT UNPACKING pc=0x000001f3515791af sp=0x0000004e173fac00 mode 2
Event: 8.071 Thread 0x000001f348eec000 DEOPT PACKING pc=0x000001f3528efd1e sp=0x0000004e173fa590
Event: 8.071 Thread 0x000001f348eec000 DEOPT UNPACKING pc=0x000001f351578fce sp=0x0000004e173f9aa8 mode 0
Event: 8.076 Thread 0x000001f348eec000 DEOPT PACKING pc=0x000001f3528efd1e sp=0x0000004e173fb350
Event: 8.076 Thread 0x000001f348eec000 DEOPT UNPACKING pc=0x000001f351578fce sp=0x0000004e173fa868 mode 0
Event: 8.096 Thread 0x000001f348eec000 DEOPT PACKING pc=0x000001f352919040 sp=0x0000004e173fadc0
Event: 8.096 Thread 0x000001f348eec000 DEOPT UNPACKING pc=0x000001f351578fce sp=0x0000004e173fa330 mode 0
Event: 8.097 Thread 0x000001f348eec000 DEOPT PACKING pc=0x000001f352919040 sp=0x0000004e173fb150
Event: 8.097 Thread 0x000001f348eec000 DEOPT UNPACKING pc=0x000001f351578fce sp=0x0000004e173fa6c0 mode 0
Event: 8.098 Thread 0x000001f348eec000 DEOPT PACKING pc=0x000001f352919040 sp=0x0000004e173fa720
Event: 8.098 Thread 0x000001f348eec000 DEOPT UNPACKING pc=0x000001f351578fce sp=0x0000004e173f9c90 mode 0
Event: 8.098 Thread 0x000001f348eec000 DEOPT PACKING pc=0x000001f352919040 sp=0x0000004e173fae20
Event: 8.098 Thread 0x000001f348eec000 DEOPT UNPACKING pc=0x000001f351578fce sp=0x0000004e173fa390 mode 0
Event: 8.104 Thread 0x000001f348eec000 DEOPT PACKING pc=0x000001f352919040 sp=0x0000004e173fb300
Event: 8.104 Thread 0x000001f348eec000 DEOPT UNPACKING pc=0x000001f351578fce sp=0x0000004e173fa870 mode 0
Event: 8.107 Thread 0x000001f348eec000 DEOPT PACKING pc=0x000001f352919040 sp=0x0000004e173fae40
Event: 8.107 Thread 0x000001f348eec000 DEOPT UNPACKING pc=0x000001f351578fce sp=0x0000004e173fa3b0 mode 0
Event: 8.107 Thread 0x000001f348eec000 DEOPT PACKING pc=0x000001f352919040 sp=0x0000004e173fb1b0
Event: 8.107 Thread 0x000001f348eec000 DEOPT UNPACKING pc=0x000001f351578fce sp=0x0000004e173fa720 mode 0

Classes redefined (0 events):
No events

Internal exceptions (20 events):
Event: 7.737 Thread 0x000001f348eec000 Exception <a 'java/lang/ClassNotFoundException'{0x00000007115bbc90}: org/apache/maven/artifact/DefaultArtifactBeanInfo> (0x00000007115bbc90) thrown at [./src/hotspot/share/classfile/systemDictionary.cpp, line 231]
Event: 7.737 Thread 0x000001f348eec000 Exception <a 'java/lang/ClassNotFoundException'{0x00000007115d55f8}: org/apache/maven/artifact/DefaultArtifactCustomizer> (0x00000007115d55f8) thrown at [./src/hotspot/share/classfile/systemDictionary.cpp, line 231]
Event: 7.768 Thread 0x000001f348eec000 Exception <a 'java/security/PrivilegedActionException'{0x00000007114d8e88}> (0x00000007114d8e88) thrown at [./src/hotspot/share/prims/jvm.cpp, line 1297]
Event: 7.768 Thread 0x000001f348eec000 Exception <a 'java/security/PrivilegedActionException'{0x00000007114d96a8}> (0x00000007114d96a8) thrown at [./src/hotspot/share/prims/jvm.cpp, line 1297]
Event: 7.768 Thread 0x000001f348eec000 Exception <a 'java/security/PrivilegedActionException'{0x00000007114e27f8}> (0x00000007114e27f8) thrown at [./src/hotspot/share/prims/jvm.cpp, line 1297]
Event: 7.768 Thread 0x000001f348eec000 Exception <a 'java/security/PrivilegedActionException'{0x00000007114e3018}> (0x00000007114e3018) thrown at [./src/hotspot/share/prims/jvm.cpp, line 1297]
Event: 7.771 Thread 0x000001f348eec000 Exception <a 'java/lang/NoSuchMethodError'{0x00000007114eddb0}: 'java.lang.Object java.lang.invoke.DirectMethodHandle$Holder.invokeSpecialIFC(java.lang.Object, java.lang.Object, java.lang.Object, java.lang.Object)'> (0x00000007114eddb0) thrown at [./src/hotspot/share/interpreter/linkResolver.cpp, line 773]
Event: 7.785 Thread 0x000001f348eec000 Exception <a 'java/lang/NoSuchMethodError'{0x0000000711381948}: 'java.lang.Object java.lang.invoke.DirectMethodHandle$Holder.invokeStatic(java.lang.Object, java.lang.Object, java.lang.Object, java.lang.Object, java.lang.Object, java.lang.Object, java.lang.Object, java.lang.Object, java.lang.Object, java.lang.Object, java.lang.Object, java.lang.Object, java.lang.Object, java.lang.Object, java.lang.Object)'> (0x0000000711381948) thrown at [./src/hotspot/share/interpreter/linkResolver.cpp, line 773]
Event: 7.786 Thread 0x000001f348eec000 Exception <a 'java/lang/NoSuchMethodError'{0x000000071138fe48}: 'java.lang.Object java.lang.invoke.DirectMethodHandle$Holder.invokeStatic(java.lang.Object, java.lang.Object, java.lang.Object, java.lang.Object, java.lang.Object, java.lang.Object, java.lang.Object, java.lang.Object, java.lang.Object, java.lang.Object, java.lang.Object, java.lang.Object, java.lang.Object, java.lang.Object, java.lang.Object, java.lang.Object)'> (0x000000071138fe48) thrown at [./src/hotspot/share/interpreter/linkResolver.cpp, l
Event: 7.787 Thread 0x000001f348eec000 Exception <a 'java/lang/NoSuchMethodError'{0x000000071139e008}: 'java.lang.Object java.lang.invoke.DirectMethodHandle$Holder.invokeSpecial(java.lang.Object, java.lang.Object, int, int, java.lang.Object, java.lang.Object, java.lang.Object)'> (0x000000071139e008) thrown at [./src/hotspot/share/interpreter/linkResolver.cpp, line 773]
Event: 7.787 Thread 0x000001f348eec000 Exception <a 'java/lang/NoSuchMethodError'{0x00000007113a1840}: 'java.lang.Object java.lang.invoke.DelegatingMethodHandle$Holder.reinvoke_L(java.lang.Object, int, int, java.lang.Object, java.lang.Object, java.lang.Object)'> (0x00000007113a1840) thrown at [./src/hotspot/share/interpreter/linkResolver.cpp, line 773]
Event: 7.788 Thread 0x000001f348eec000 Exception <a 'java/lang/NoSuchMethodError'{0x00000007113a8f00}: 'java.lang.Object java.lang.invoke.DirectMethodHandle$Holder.invokeStatic(java.lang.Object, java.lang.Object, java.lang.Object, java.lang.Object, int)'> (0x00000007113a8f00) thrown at [./src/hotspot/share/interpreter/linkResolver.cpp, line 773]
Event: 8.048 Thread 0x000001f348eec000 Exception <a 'java/lang/NoSuchMethodError'{0x00000007108de548}: 'int java.lang.invoke.DirectMethodHandle$Holder.invokeInterface(java.lang.Object, java.lang.Object)'> (0x00000007108de548) thrown at [./src/hotspot/share/interpreter/linkResolver.cpp, line 773]
Event: 8.049 Thread 0x000001f348eec000 Exception <a 'java/lang/IncompatibleClassChangeError'{0x00000007108e5a40}: Found class java.lang.Object, but interface was expected> (0x00000007108e5a40) thrown at [./src/hotspot/share/interpreter/linkResolver.cpp, line 839]
Event: 8.123 Thread 0x000001f348eec000 Exception <a 'java/lang/NoSuchMethodError'{0x000000071001c048}: 'void java.lang.invoke.DirectMethodHandle$Holder.invokeStatic(java.lang.Object, long)'> (0x000000071001c048) thrown at [./src/hotspot/share/interpreter/linkResolver.cpp, line 773]
Event: 8.124 Thread 0x000001f348eec000 Exception <a 'java/lang/NoSuchMethodError'{0x0000000710021508}: 'java.lang.Object java.lang.invoke.DirectMethodHandle$Holder.invokeStatic(java.lang.Object, long)'> (0x0000000710021508) thrown at [./src/hotspot/share/interpreter/linkResolver.cpp, line 773]
Event: 8.124 Thread 0x000001f348eec000 Exception <a 'java/lang/NoSuchMethodError'{0x0000000710027888}: 'java.lang.Object java.lang.invoke.Invokers$Holder.linkToTargetMethod(long, java.lang.Object)'> (0x0000000710027888) thrown at [./src/hotspot/share/interpreter/linkResolver.cpp, line 773]
Event: 8.125 Thread 0x000001f348eec000 Exception <a 'java/lang/NoSuchMethodError'{0x0000000710030030}: 'java.lang.Object java.lang.invoke.DirectMethodHandle$Holder.invokeStaticInit(java.lang.Object, java.lang.Object, long, java.lang.Object)'> (0x0000000710030030) thrown at [./src/hotspot/share/interpreter/linkResolver.cpp, line 773]
Event: 8.126 Thread 0x000001f348eec000 Exception <a 'java/lang/NoSuchMethodError'{0x0000000710036188}: 'java.lang.Object java.lang.invoke.DirectMethodHandle$Holder.invokeStatic(java.lang.Object, java.lang.Object, long)'> (0x0000000710036188) thrown at [./src/hotspot/share/interpreter/linkResolver.cpp, line 773]
Event: 8.126 Thread 0x000001f348eec000 Exception <a 'java/lang/NoSuchMethodError'{0x000000071003c700}: 'java.lang.Object java.lang.invoke.Invokers$Holder.linkToTargetMethod(java.lang.Object, long, java.lang.Object)'> (0x000000071003c700) thrown at [./src/hotspot/share/interpreter/linkResolver.cpp, line 773]

Events (20 events):
Event: 8.128 loading class java/lang/Process$PipeInputStream done
Event: 8.128 loading class org/apache/tools/ant/taskdefs/StreamPumper
Event: 8.128 loading class org/apache/tools/ant/taskdefs/StreamPumper done
Event: 8.128 loading class org/apache/tools/ant/taskdefs/StreamPumper
Event: 8.128 loading class org/apache/tools/ant/taskdefs/StreamPumper done
Event: 8.129 Thread 0x000001f3707a8000 Thread added: 0x000001f3707a8000
Event: 8.129 Thread 0x000001f371103000 Thread added: 0x000001f371103000
Event: 8.129 Thread 0x000001f371103800 Thread added: 0x000001f371103800
Event: 8.129 loading class org/apache/tools/ant/taskdefs/ProcessDestroyer$ProcessDestroyerImpl
Event: 8.129 loading class org/apache/tools/ant/taskdefs/ProcessDestroyer$ProcessDestroyerImpl done
Event: 8.129 loading class org/apache/tools/ant/taskdefs/ProcessDestroyer$ProcessDestroyerImpl
Event: 8.129 loading class org/apache/tools/ant/taskdefs/ProcessDestroyer$ProcessDestroyerImpl done
Event: 8.130 Thread 0x000001f37034e800 Thread added: 0x000001f37034e800
Event: 8.136 Executing VM operation: RevokeBias
Event: 8.136 Executing VM operation: RevokeBias done
Event: 8.136 Executing VM operation: RevokeBias
Event: 8.136 Executing VM operation: RevokeBias done
Event: 8.136 Executing VM operation: RevokeBias
Event: 8.136 Executing VM operation: RevokeBias done
Event: 8.136 Thread 0x000001f371103800 Thread exited: 0x000001f371103800


Dynamic libraries:
0x00007ff6ac8c0000 - 0x00007ff6ac8cd000 	C:\Program Files\AdoptOpenJDK\jdk-11.0.7.10-hotspot\bin\java.exe
0x00007ffb08be0000 - 0x00007ffb08dd0000 	C:\Windows\SYSTEM32\ntdll.dll
0x00007ffb086b0000 - 0x00007ffb08762000 	C:\Windows\System32\KERNEL32.DLL
0x00007ffb05c00000 - 0x00007ffb05ea4000 	C:\Windows\System32\KERNELBASE.dll
0x00007ffb06300000 - 0x00007ffb063fa000 	C:\Windows\System32\ucrtbase.dll
0x00007ffaeb580000 - 0x00007ffaeb595000 	C:\Program Files\AdoptOpenJDK\jdk-11.0.7.10-hotspot\bin\VCRUNTIME140.dll
0x00007ffae9090000 - 0x00007ffae90a7000 	C:\Program Files\AdoptOpenJDK\jdk-11.0.7.10-hotspot\bin\jli.dll
0x00007ffb087d0000 - 0x00007ffb08964000 	C:\Windows\System32\USER32.dll
0x00007ffaedf20000 - 0x00007ffaee1a4000 	C:\Windows\WinSxS\amd64_microsoft.windows.common-controls_6595b64144ccf1df_6.0.18362.900_none_e6beb9d913147d17\COMCTL32.dll
0x00007ffb06250000 - 0x00007ffb06271000 	C:\Windows\System32\win32u.dll
0x00007ffb08610000 - 0x00007ffb086ae000 	C:\Windows\System32\msvcrt.dll
0x00007ffb085e0000 - 0x00007ffb08606000 	C:\Windows\System32\GDI32.dll
0x00007ffb075d0000 - 0x00007ffb07905000 	C:\Windows\System32\combase.dll
0x00007ffb05f60000 - 0x00007ffb060f5000 	C:\Windows\System32\gdi32full.dll
0x00007ffb08980000 - 0x00007ffb08aa0000 	C:\Windows\System32\RPCRT4.dll
0x00007ffb06ba0000 - 0x00007ffb06c3e000 	C:\Windows\System32\msvcp_win.dll
0x00007ffb06280000 - 0x00007ffb06300000 	C:\Windows\System32\bcryptPrimitives.dll
0x00007ffb08420000 - 0x00007ffb0844e000 	C:\Windows\System32\IMM32.DLL
0x00007ffadd450000 - 0x00007ffadd4eb000 	C:\Program Files\AdoptOpenJDK\jdk-11.0.7.10-hotspot\bin\msvcp140.dll
0x00007ffad7c70000 - 0x00007ffad872c000 	C:\Program Files\AdoptOpenJDK\jdk-11.0.7.10-hotspot\bin\server\jvm.dll
0x00007ffb06d70000 - 0x00007ffb06e13000 	C:\Windows\System32\ADVAPI32.dll
0x00007ffb08450000 - 0x00007ffb084e7000 	C:\Windows\System32\sechost.dll
0x00007ffb08970000 - 0x00007ffb08978000 	C:\Windows\System32\PSAPI.DLL
0x00007ffaf99a0000 - 0x00007ffaf99a9000 	C:\Windows\SYSTEM32\WSOCK32.dll
0x00007ffb08570000 - 0x00007ffb085df000 	C:\Windows\System32\WS2_32.dll
0x00007ffb02750000 - 0x00007ffb02774000 	C:\Windows\SYSTEM32\WINMM.dll
0x00007ffaff430000 - 0x00007ffaff43a000 	C:\Windows\SYSTEM32\VERSION.dll
0x00007ffb02720000 - 0x00007ffb0274d000 	C:\Windows\SYSTEM32\winmmbase.dll
0x00007ffb06c40000 - 0x00007ffb06c8a000 	C:\Windows\System32\cfgmgr32.dll
0x00007ffb05ab0000 - 0x00007ffb05ac1000 	C:\Windows\System32\kernel.appcore.dll
0x00007ffaf99b0000 - 0x00007ffaf99c0000 	C:\Program Files\AdoptOpenJDK\jdk-11.0.7.10-hotspot\bin\verify.dll
0x00007ffaf4af0000 - 0x00007ffaf4ce4000 	C:\Windows\SYSTEM32\DBGHELP.DLL
0x00007ffaf4d20000 - 0x00007ffaf4d4a000 	C:\Windows\SYSTEM32\dbgcore.DLL
0x00007ffae8b10000 - 0x00007ffae8b38000 	C:\Program Files\AdoptOpenJDK\jdk-11.0.7.10-hotspot\bin\java.dll
0x00007ffaf86c0000 - 0x00007ffaf86ce000 	C:\Program Files\AdoptOpenJDK\jdk-11.0.7.10-hotspot\bin\instrument.dll
0x00007ffae9070000 - 0x00007ffae9086000 	C:\Program Files\AdoptOpenJDK\jdk-11.0.7.10-hotspot\bin\zip.dll
0x00007ffaf5070000 - 0x00007ffaf507a000 	C:\Program Files\AdoptOpenJDK\jdk-11.0.7.10-hotspot\bin\jimage.dll
0x00007ffb06e30000 - 0x00007ffb07516000 	C:\Windows\System32\SHELL32.dll
0x00007ffb07520000 - 0x00007ffb075c9000 	C:\Windows\System32\shcore.dll
0x00007ffb06420000 - 0x00007ffb06ba0000 	C:\Windows\System32\windows.storage.dll
0x00007ffb05ad0000 - 0x00007ffb05af3000 	C:\Windows\System32\profapi.dll
0x00007ffb05b20000 - 0x00007ffb05b6a000 	C:\Windows\System32\powrprof.dll
0x00007ffb05aa0000 - 0x00007ffb05ab0000 	C:\Windows\System32\UMPDC.dll
0x00007ffb07b90000 - 0x00007ffb07be2000 	C:\Windows\System32\shlwapi.dll
0x00007ffb06400000 - 0x00007ffb06417000 	C:\Windows\System32\cryptsp.dll
0x00007ffae8fc0000 - 0x00007ffae8fd9000 	C:\Program Files\AdoptOpenJDK\jdk-11.0.7.10-hotspot\bin\net.dll
0x00007ffafb930000 - 0x00007ffafba20000 	C:\Windows\SYSTEM32\WINHTTP.dll
0x00007ffb05310000 - 0x00007ffb05377000 	C:\Windows\system32\mswsock.dll
0x00007ffae8af0000 - 0x00007ffae8b02000 	C:\Program Files\AdoptOpenJDK\jdk-11.0.7.10-hotspot\bin\nio.dll
0x00007ffae8670000 - 0x00007ffae868a000 	C:\Users\snezhinka\AppData\Local\JetBrains\Toolbox\apps\IDEA-C\ch-0\201.6668.121\bin\breakgen64.dll
0x00007ffb04e80000 - 0x00007ffb04eb3000 	C:\Windows\system32\rsaenh.dll
0x00007ffb05bd0000 - 0x00007ffb05bf6000 	C:\Windows\System32\bcrypt.dll
0x00007ffb059c0000 - 0x00007ffb059e5000 	C:\Windows\SYSTEM32\USERENV.dll
0x00007ffb054e0000 - 0x00007ffb054ec000 	C:\Windows\SYSTEM32\CRYPTBASE.dll
0x00007ffb05020000 - 0x00007ffb0505a000 	C:\Windows\SYSTEM32\IPHLPAPI.DLL
0x00007ffb06d60000 - 0x00007ffb06d68000 	C:\Windows\System32\NSI.dll
0x00007ffafc510000 - 0x00007ffafc526000 	C:\Windows\SYSTEM32\dhcpcsvc6.DLL
0x00007ffafc860000 - 0x00007ffafc87c000 	C:\Windows\SYSTEM32\dhcpcsvc.DLL
0x00007ffb05060000 - 0x00007ffb0512b000 	C:\Windows\SYSTEM32\DNSAPI.dll
0x00007ffaf1f20000 - 0x00007ffaf1f2a000 	C:\Users\snezhinka\AppData\Local\Temp\jansi-1.17.1-15110617180900893652.dll
0x00007ffaeff50000 - 0x00007ffaeff5a000 	C:\Users\snezhinka\AppData\Local\Temp\jansi-1.17.1-6591690537501433957.dll

dbghelp: loaded successfully - version: 4.0.5 - missing functions: none
symbol engine: initialized successfully - sym options: 0x614 - pdb path: .;C:\Program Files\AdoptOpenJDK\jdk-11.0.7.10-hotspot\bin;C:\Windows\SYSTEM32;C:\Windows\WinSxS\amd64_microsoft.windows.common-controls_6595b64144ccf1df_6.0.18362.900_none_e6beb9d913147d17;C:\Program Files\AdoptOpenJDK\jdk-11.0.7.10-hotspot\bin\server;C:\Users\snezhinka\AppData\Local\JetBrains\Toolbox\apps\IDEA-C\ch-0\201.6668.121\bin;C:\Users\snezhinka\AppData\Local\Temp

VM Arguments:
jvm_args: -Dmaven.multiModuleProjectDirectory=D:\Marina\NetologyJava\dz5\task2\bonus-service -Dmaven.home=C:\Users\snezhinka\AppData\Local\JetBrains\Toolbox\apps\IDEA-C\ch-0\201.6668.121\plugins\maven\lib\maven3 -Dclassworlds.conf=C:\Users\snezhinka\AppData\Local\JetBrains\Toolbox\apps\IDEA-C\ch-0\201.6668.121\plugins\maven\lib\maven3\bin\m2.conf -Dmaven.ext.class.path=C:\Users\snezhinka\AppData\Local\JetBrains\Toolbox\apps\IDEA-C\ch-0\201.6668.121\plugins\maven\lib\maven-event-listener.jar -javaagent:C:\Users\snezhinka\AppData\Local\JetBrains\Toolbox\apps\IDEA-C\ch-0\201.6668.121\lib\idea_rt.jar=59110:C:\Users\snezhinka\AppData\Local\JetBrains\Toolbox\apps\IDEA-C\ch-0\201.6668.121\bin -Dfile.encoding=UTF-8 
java_command: org.codehaus.classworlds.Launcher -Didea.version2020.1 clean compile spotbugs:check
java_class_path (initial): C:\Users\snezhinka\AppData\Local\JetBrains\Toolbox\apps\IDEA-C\ch-0\201.6668.121\plugins\maven\lib\maven3\boot\plexus-classworlds-2.6.0.jar
Launcher Type: SUN_STANDARD

[Global flags]
     intx CICompilerCount                          = 3                                         {product} {ergonomic}
     uint ConcGCThreads                            = 1                                         {product} {ergonomic}
     uint G1ConcRefinementThreads                  = 4                                         {product} {ergonomic}
   size_t G1HeapRegionSize                         = 1048576                                   {product} {ergonomic}
    uintx GCDrainStackTargetSize                   = 64                                        {product} {ergonomic}
   size_t InitialHeapSize                          = 268435456                                 {product} {ergonomic}
   size_t MarkStackSize                            = 4194304                                   {product} {ergonomic}
   size_t MaxHeapSize                              = 4278190080                                {product} {ergonomic}
   size_t MaxNewSize                               = 2566914048                                {product} {ergonomic}
   size_t MinHeapDeltaBytes                        = 1048576                                   {product} {ergonomic}
    uintx NonNMethodCodeHeapSize                   = 5830732                                {pd product} {ergonomic}
    uintx NonProfiledCodeHeapSize                  = 122913754                              {pd product} {ergonomic}
    uintx ProfiledCodeHeapSize                     = 122913754                              {pd product} {ergonomic}
    uintx ReservedCodeCacheSize                    = 251658240                              {pd product} {ergonomic}
     bool SegmentedCodeCache                       = true                                      {product} {ergonomic}
     bool UseCompressedClassPointers               = true                                 {lp64_product} {ergonomic}
     bool UseCompressedOops                        = true                                 {lp64_product} {ergonomic}
     bool UseG1GC                                  = true                                      {product} {ergonomic}
     bool UseLargePagesIndividualAllocation        = false                                  {pd product} {ergonomic}

Logging:
Log output configuration:
 #0: stdout all=warning uptime,level,tags
 #1: stderr all=off uptime,level,tags

Environment Variables:
PATH=C:\Program Files\AdoptOpenJDK\jdk-11.0.7.10-hotspot\bin;C:\ProgramData\Oracle\Java\javapath;C:\Windows\system32;C:\Windows;C:\Windows\System32\Wbem;C:\Windows\System32\WindowsPowerShell\v1.0\;C:\Windows\System32\OpenSSH\;C:\Program Files\Git\cmd;C:\Program Files\PuTTY\;C:\Users\snezhinka\AppData\Local\Microsoft\WindowsApps;
USERNAME=snezhinka
OS=Windows_NT
PROCESSOR_IDENTIFIER=AMD64 Family 23 Model 1 Stepping 1, AuthenticAMD



---------------  S Y S T E M  ---------------

OS: Windows 10 , 64 bit Build 18362 (10.0.18362.900)
OS uptime: 2 days 11:40 hours

CPU:total 4 (initial active 4) (4 cores per cpu, 1 threads per core) family 23 model 1 stepping 1, cmov, cx8, fxsr, mmx, sse, sse2, sse3, ssse3, sse4.1, sse4.2, popcnt, avx, avx2, aes, clmul, mmxext, 3dnowpref, lzcnt, sse4a, tsc, tscinvbit, tscinv, bmi1, bmi2, adx, sha, fma

Memory: 4k page, system-wide physical 16315M (3892M free)
TotalPageFile size 24507M (AvailPageFile size 317M)
current process WorkingSet (physical memory assigned to process): 384M, peak: 384M
current process commit charge ("private bytes"): 490M, peak: 491M

vm_info: OpenJDK 64-Bit Server VM (11.0.7+10) for windows-amd64 JRE (11.0.7+10), built on Apr 16 2020 11:43:40 by "" with MS VC++ 15.9 (VS2017)

END.
